<?xml version="1.0" encoding="UTF-8"?>
<testng-results ignored="4" total="6" passed="2" failed="0" skipped="0">
  <reporter-output>
  </reporter-output>
  <suite started-at="2021-09-22T08:49:26Z" name="Suite" finished-at="2021-09-22T08:49:26Z" duration-ms="44">
    <groups>
      <group name="smokeTesting">
        <method signature="ContactTest.createContactTest()[pri:0, instance:com.comcast.contactTest.ContactTest@2b175c00]" name="createContactTest" class="com.comcast.contactTest.ContactTest"/>
        <method signature="OrgTest.createOrgTest()[pri:0, instance:com.comcast.orgTest.OrgTest@3eb81efb]" name="createOrgTest" class="com.comcast.orgTest.OrgTest"/>
      </group> <!-- smokeTesting -->
    </groups>
    <test started-at="2021-09-22T08:49:26Z" name="Test" finished-at="2021-09-22T08:49:26Z" duration-ms="44">
      <class name="com.comcast.contactTest.ContactTest">
        <test-method signature="createContactTest()[pri:0, instance:com.comcast.contactTest.ContactTest@2b175c00]" started-at="2021-09-22T08:49:26Z" name="createContactTest" finished-at="2021-09-22T08:49:26Z" duration-ms="13" status="PASS">
          <reporter-output>
          </reporter-output>
        </test-method> <!-- createContactTest -->
      </class> <!-- com.comcast.contactTest.ContactTest -->
      <class name="com.comcast.orgTest.OrgTest">
        <test-method signature="createOrgTest()[pri:0, instance:com.comcast.orgTest.OrgTest@3eb81efb]" started-at="2021-09-22T08:49:26Z" name="createOrgTest" finished-at="2021-09-22T08:49:26Z" duration-ms="1" status="PASS">
          <reporter-output>
          </reporter-output>
        </test-method> <!-- createOrgTest -->
      </class> <!-- com.comcast.orgTest.OrgTest -->
    </test> <!-- Test -->
  </suite> <!-- Suite -->
</testng-results>
