<?xml version="1.0" encoding="UTF-8"?>
<!-- Generated by org.testng.reporters.JUnitXMLReporter -->
<testsuite ignored="0" hostname="SOURAV-PC" failures="0" tests="3" name="Default test" time="0.054" errors="0" timestamp="21 Sep 2021 11:21:35 GMT">
  <testcase classname="com.comcast.contactTest.ContactClass" name="createContactTest" time="0.011"/>
  <testcase classname="com.comcast.contactTest.ContactClass" name="deleteContactTest" time="0.007"/>
  <testcase classname="com.comcast.contactTest.ContactClass" name="editContactTest" time="0.002"/>
</testsuite> <!-- Default test -->
