<?xml version="1.0" encoding="UTF-8"?>
<!-- Generated by org.testng.reporters.JUnitXMLReporter -->
<testsuite ignored="4" hostname="SOURAV-PC" failures="0" tests="2" name="Test" time="0.044" errors="0" timestamp="22 Sep 2021 08:49:27 GMT">
  <testcase classname="com.comcast.contactTest.ContactTest" name="createContactTest" time="0.013"/>
  <testcase classname="com.comcast.orgTest.OrgTest" name="createOrgTest" time="0.001"/>
  <testcase classname="com.comcast.contactTest.ContactTest" name="editContactTest" time="0.0">
    <ignored/>
  </testcase> <!-- editContactTest -->
  <testcase classname="com.comcast.orgTest.OrgTest" name="deleteOrgTest" time="0.0">
    <ignored/>
  </testcase> <!-- deleteOrgTest -->
  <testcase classname="com.comcast.contactTest.ContactTest" name="deleteContactTest" time="0.0">
    <ignored/>
  </testcase> <!-- deleteContactTest -->
  <testcase classname="com.comcast.orgTest.OrgTest" name="editOrgTest" time="0.0">
    <ignored/>
  </testcase> <!-- editOrgTest -->
</testsuite> <!-- Test -->
